<?xml version="1.0" encoding="utf-8"?><testsuites name="pytest tests"><testsuite name="pytest" errors="0" failures="0" skipped="0" tests="11" time="26.651" timestamp="2026-08-30T20:07:48.610701+00:00" hostname="agent-env-1ff1facc-c1db-4980-89ef-031ceffe7b9b"><testcase classname="backend.tests.test_iteration3.TestSessionPastDateGuardrail" name="test_reject_past_date" time="3.566" /><testcase classname="backend.tests.test_iteration3.TestSessionPastDateGuardrail" name="test_accept_future_date" time="1.572" /><testcase classname="backend.tests.test_iteration3.TestSessionPastDateGuardrail" name="test_anonymous_rejected" time="0.173" /><testcase classname="backend.tests.test_iteration3.TestAmbassadorCRUD" name="test_admin_add_and_remove_ambassador" time="11.042" /><testcase classname="backend.tests.test_iteration3.TestAmbassadorCRUD" name="test_delete_nonexistent" time="1.575" /><testcase classname="backend.tests.test_iteration3.TestAmbassadorCRUD" name="test_anonymous_cannot_add" time="0.192" /><testcase classname="backend.tests.test_iteration3.TestAmbassadorCRUD" name="test_anonymous_cannot_delete" time="0.111" /><testcase classname="backend.tests.test_iteration3.TestPublicRoutes" name="test_landing_ar_loads" time="0.145" /><testcase classname="backend.tests.test_iteration3.TestPublicRoutes" name="test_exams_ar_loads" time="0.145" /><testcase classname="backend.tests.test_iteration3.TestPublicRoutes" name="test_dawarat_ar_loads" time="0.173" /><testcase classname="backend.tests.test_iteration3.TestSessionReminderData" name="test_create_soon_session_and_register" time="7.837" /></testsuite></testsuites>