<?xml version="1.0" encoding="utf-8"?><testsuites name="pytest tests"><testsuite name="pytest" errors="0" failures="0" skipped="0" tests="11" time="27.029" timestamp="2026-08-30T20:33:26.709028+00:00" hostname="agent-env-1ff1facc-c1db-4980-89ef-031ceffe7b9b"><testcase classname="backend.tests.test_bundles" name="test_public_get_returns_three_active_bundles" time="1.136" /><testcase classname="backend.tests.test_bundles" name="test_public_get_returns_json_list" time="0.801" /><testcase classname="backend.tests.test_bundles" name="test_anon_cannot_create_bundle" time="0.049" /><testcase classname="backend.tests.test_bundles" name="test_student_cannot_create_bundle" time="2.543" /><testcase classname="backend.tests.test_bundles" name="test_admin_can_create_bundle" time="4.076" /><testcase classname="backend.tests.test_bundles" name="test_admin_can_update_bundle" time="1.581" /><testcase classname="backend.tests.test_bundles" name="test_admin_toggle_inactive_hides_from_public" time="3.952" /><testcase classname="backend.tests.test_bundles" name="test_anon_purchase_requires_auth" time="0.856" /><testcase classname="backend.tests.test_bundles" name="test_student_purchase_creates_mock_success" time="3.267" /><testcase classname="backend.tests.test_bundles" name="test_purchases_count_shows_in_admin_all" time="7.090" /><testcase classname="backend.tests.test_bundles" name="test_admin_can_delete_bundle" time="1.574" /></testsuite></testsuites>