<?xml version="1.0" encoding="utf-8"?><testsuites name="pytest tests"><testsuite name="pytest" errors="0" failures="0" skipped="0" tests="12" time="44.085" timestamp="2026-08-30T18:29:53.289160+00:00" hostname="agent-env-bcc84ba1-4451-4fcb-9a1e-ea90aeabba51"><testcase classname="backend.tests.test_auth_and_sessions.TestAuthFlow" name="test_register_login_me_logout" time="5.228" /><testcase classname="backend.tests.test_auth_and_sessions.TestAuthFlow" name="test_register_missing_fields" time="0.165" /><testcase classname="backend.tests.test_auth_and_sessions.TestAuthFlow" name="test_register_short_password" time="0.123" /><testcase classname="backend.tests.test_auth_and_sessions.TestAuthFlow" name="test_login_invalid_credentials" time="2.417" /><testcase classname="backend.tests.test_auth_and_sessions.TestAuthFlow" name="test_me_without_cookie" time="0.140" /><testcase classname="backend.tests.test_auth_and_sessions.TestAdminTeacherCreation" name="test_admin_creates_teacher_and_teacher_can_login" time="7.397" /><testcase classname="backend.tests.test_auth_and_sessions.TestSessionRegistration" name="test_full_flow" time="22.316" /><testcase classname="backend.tests.test_auth_and_sessions.TestSessionRegistration" name="test_register_requires_auth" time="0.299" /><testcase classname="backend.tests.test_auth_and_sessions.TestSessionRegistration" name="test_register_non_existent_session" time="1.568" /><testcase classname="backend.tests.test_auth_and_sessions.TestSessionRegistration" name="test_teacher_role_cannot_register" time="0.834" /><testcase classname="backend.tests.test_auth_and_sessions.TestCardVerifyReal" name="test_valid_card_from_registered_student" time="2.661" /><testcase classname="backend.tests.test_auth_and_sessions.TestCardVerifyReal" name="test_invalid_card_id" time="0.865" /></testsuite></testsuites>