<?xml version="1.0" encoding="utf-8"?><testsuites name="pytest tests"><testsuite name="pytest" errors="0" failures="0" skipped="0" tests="33" time="26.878" timestamp="2026-08-30T16:13:17.276348+00:00" hostname="agent-env-bcc84ba1-4451-4fcb-9a1e-ea90aeabba51"><testcase classname="backend.tests.test_dz_prime.TestPageRoutes" name="test_page_200[/]" time="0.328" /><testcase classname="backend.tests.test_dz_prime.TestPageRoutes" name="test_page_200[/ar]" time="0.081" /><testcase classname="backend.tests.test_dz_prime.TestPageRoutes" name="test_page_200[/fr]" time="0.085" /><testcase classname="backend.tests.test_dz_prime.TestPageRoutes" name="test_page_200[/en]" time="0.083" /><testcase classname="backend.tests.test_dz_prime.TestPageRoutes" name="test_page_200[/ar/admin]" time="0.075" /><testcase classname="backend.tests.test_dz_prime.TestPageRoutes" name="test_page_200[/ar/teacher]" time="0.065" /><testcase classname="backend.tests.test_dz_prime.TestPageRoutes" name="test_page_200[/ar/student]" time="0.074" /><testcase classname="backend.tests.test_dz_prime.TestPageRoutes" name="test_page_200[/ar/ambassador]" time="0.082" /><testcase classname="backend.tests.test_dz_prime.TestPageRoutes" name="test_page_200[/ar/dawarat]" time="0.073" /><testcase classname="backend.tests.test_dz_prime.TestPageRoutes" name="test_page_200[/ar/card]" time="0.074" /><testcase classname="backend.tests.test_dz_prime.TestPageRoutes" name="test_page_200[/ar/bot]" time="0.073" /><testcase classname="backend.tests.test_dz_prime.TestPageRoutes" name="test_page_200[/ar/ambassadors]" time="0.081" /><testcase classname="backend.tests.test_dz_prime.TestWilayas" name="test_wilayas_returns_58" time="0.983" /><testcase classname="backend.tests.test_dz_prime.TestCardVerify" name="test_valid_card_taylor" time="0.821" /><testcase classname="backend.tests.test_dz_prime.TestCardVerify" name="test_invalid_card" time="0.825" /><testcase classname="backend.tests.test_dz_prime.TestCourses" name="test_list_courses" time="0.820" /><testcase classname="backend.tests.test_dz_prime.TestCourses" name="test_create_course_and_persist" time="1.637" /><testcase classname="backend.tests.test_dz_prime.TestTeachers" name="test_list_teachers" time="1.884" /><testcase classname="backend.tests.test_dz_prime.TestTeachers" name="test_create_teacher" time="1.583" /><testcase classname="backend.tests.test_dz_prime.TestTeachers" name="test_payout_approval" time="4.831" /><testcase classname="backend.tests.test_dz_prime.TestStudents" name="test_list_students" time="0.823" /><testcase classname="backend.tests.test_dz_prime.TestStudents" name="test_toggle_verification" time="2.610" /><testcase classname="backend.tests.test_dz_prime.TestSessions" name="test_list_sessions" time="0.818" /><testcase classname="backend.tests.test_dz_prime.TestSessions" name="test_create_session" time="0.827" /><testcase classname="backend.tests.test_dz_prime.TestModules" name="test_list_modules" time="0.830" /><testcase classname="backend.tests.test_dz_prime.TestModules" name="test_create_module" time="0.825" /><testcase classname="backend.tests.test_dz_prime.TestAmbassadors" name="test_list_ambassadors" time="2.340" /><testcase classname="backend.tests.test_dz_prime.TestSettings" name="test_get_settings" time="1.429" /><testcase classname="backend.tests.test_dz_prime.TestSubdomainRouting" name="test_subdomain_rewrite[admin-/ar/admin]" time="0.016" /><testcase classname="backend.tests.test_dz_prime.TestSubdomainRouting" name="test_subdomain_rewrite[teacher-/ar/teacher]" time="0.013" /><testcase classname="backend.tests.test_dz_prime.TestSubdomainRouting" name="test_subdomain_rewrite[student-/ar/student]" time="0.014" /><testcase classname="backend.tests.test_dz_prime.TestSubdomainRouting" name="test_subdomain_rewrite[ambassador-/ar/ambassador]" time="0.013" /><testcase classname="backend.tests.test_dz_prime.TestRealtimeSync" name="test_course_created_appears_everywhere" time="1.640" /></testsuite></testsuites>